<?xml version="1.0" encoding="UTF-8"?>
<coverage generated="1774712514273" clover="3.2.0">
  <project timestamp="1774712514273" name="All files">
    <metrics statements="34" coveredstatements="34" conditionals="51" coveredconditionals="48" methods="9" coveredmethods="9" elements="94" coveredelements="91" complexity="0" loc="34" ncloc="34" packages="1" files="1" classes="1"/>
    <file name="issue-parser.js" path="G:\Workspace\amazing_agent_specialist\adapters\github-issue\issue-parser.js">
      <metrics statements="34" coveredstatements="34" conditionals="51" coveredconditionals="48" methods="9" coveredmethods="9"/>
      <line num="8" count="1" type="stmt"/>
      <line num="9" count="1" type="stmt"/>
      <line num="10" count="1" type="stmt"/>
      <line num="17" count="74" type="stmt"/>
      <line num="18" count="74" type="stmt"/>
      <line num="19" count="72" type="stmt"/>
      <line num="20" count="72" type="cond" truecount="2" falsecount="0"/>
      <line num="25" count="72" type="cond" truecount="2" falsecount="0"/>
      <line num="37" count="53" type="stmt"/>
      <line num="38" count="53" type="stmt"/>
      <line num="41" count="53" type="cond" truecount="2" falsecount="0"/>
      <line num="42" count="53" type="cond" truecount="1" falsecount="1"/>
      <line num="45" count="53" type="cond" truecount="2" falsecount="0"/>
      <line num="46" count="53" type="cond" truecount="1" falsecount="1"/>
      <line num="49" count="53" type="stmt"/>
      <line num="50" count="53" type="stmt"/>
      <line num="52" count="52" type="stmt"/>
      <line num="59" count="1" type="stmt"/>
      <line num="65" count="1" type="stmt"/>
      <line num="78" count="54" type="cond" truecount="3" falsecount="0"/>
      <line num="79" count="54" type="cond" truecount="3" falsecount="0"/>
      <line num="81" count="54" type="stmt"/>
      <line num="133" count="56" type="stmt"/>
      <line num="140" count="55" type="stmt"/>
      <line num="147" count="25" type="stmt"/>
      <line num="156" count="25" type="cond" truecount="2" falsecount="0"/>
      <line num="163" count="60" type="stmt"/>
      <line num="172" count="60" type="cond" truecount="2" falsecount="0"/>
      <line num="179" count="4" type="stmt"/>
      <line num="186" count="4" type="stmt"/>
      <line num="187" count="60" type="stmt"/>
      <line num="188" count="60" type="cond" truecount="3" falsecount="0"/>
      <line num="191" count="4" type="stmt"/>
      <line num="198" count="1" type="stmt"/>
    </file>
  </project>
</coverage>
