{"G:\\Workspace\\amazing_agent_specialist\\adapters\\github-issue\\issue-parser.js": {"path":"G:\\Workspace\\amazing_agent_specialist\\adapters\\github-issue\\issue-parser.js","statementMap":{"0":{"start":{"line":8,"column":24},"end":{"line":8,"column":49}},"1":{"start":{"line":9,"column":23},"end":{"line":9,"column":47}},"2":{"start":{"line":10,"column":15},"end":{"line":10,"column":32}},"3":{"start":{"line":17,"column":4},"end":{"line":17,"column":25}},"4":{"start":{"line":18,"column":4},"end":{"line":18,"column":78}},"5":{"start":{"line":19,"column":4},"end":{"line":19,"column":39}},"6":{"start":{"line":20,"column":4},"end":{"line":24,"column":6}},"7":{"start":{"line":25,"column":4},"end":{"line":28,"column":6}},"8":{"start":{"line":37,"column":19},"end":{"line":37,"column":21}},"9":{"start":{"line":38,"column":21},"end":{"line":38,"column":23}},"10":{"start":{"line":41,"column":24},"end":{"line":41,"column":66}},"11":{"start":{"line":42,"column":4},"end":{"line":42,"column":51}},"12":{"start":{"line":45,"column":23},"end":{"line":45,"column":62}},"13":{"start":{"line":46,"column":4},"end":{"line":46,"column":50}},"14":{"start":{"line":49,"column":4},"end":{"line":71,"column":5}},"15":{"start":{"line":50,"column":30},"end":{"line":50,"column":87}},"16":{"start":{"line":52,"column":6},"end":{"line":57,"column":8}},"17":{"start":{"line":59,"column":6},"end":{"line":63,"column":9}},"18":{"start":{"line":65,"column":6},"end":{"line":70,"column":8}},"19":{"start":{"line":78,"column":18},"end":{"line":78,"column":88}},"20":{"start":{"line":79,"column":17},"end":{"line":79,"column":78}},"21":{"start":{"line":81,"column":4},"end":{"line":126,"column":6}},"22":{"start":{"line":133,"column":4},"end":{"line":133,"column":54}},"23":{"start":{"line":140,"column":4},"end":{"line":140,"column":30}},"24":{"start":{"line":147,"column":21},"end":{"line":154,"column":5}},"25":{"start":{"line":156,"column":4},"end":{"line":156,"column":50}},"26":{"start":{"line":163,"column":21},"end":{"line":170,"column":5}},"27":{"start":{"line":172,"column":4},"end":{"line":172,"column":46}},"28":{"start":{"line":179,"column":21},"end":{"line":184,"column":5}},"29":{"start":{"line":186,"column":20},"end":{"line":189,"column":6}},"30":{"start":{"line":187,"column":20},"end":{"line":187,"column":34}},"31":{"start":{"line":188,"column":6},"end":{"line":188,"column":67}},"32":{"start":{"line":191,"column":4},"end":{"line":194,"column":6}},"33":{"start":{"line":198,"column":0},"end":{"line":198,"column":33}}},"fnMap":{"0":{"name":"(anonymous_0)","decl":{"start":{"line":16,"column":2},"end":{"line":16,"column":3}},"loc":{"start":{"line":16,"column":22},"end":{"line":29,"column":3}},"line":16},"1":{"name":"(anonymous_1)","decl":{"start":{"line":36,"column":2},"end":{"line":36,"column":3}},"loc":{"start":{"line":36,"column":15},"end":{"line":72,"column":3}},"line":36},"2":{"name":"(anonymous_2)","decl":{"start":{"line":77,"column":2},"end":{"line":77,"column":3}},"loc":{"start":{"line":77,"column":55},"end":{"line":127,"column":3}},"line":77},"3":{"name":"(anonymous_3)","decl":{"start":{"line":132,"column":2},"end":{"line":132,"column":3}},"loc":{"start":{"line":132,"column":44},"end":{"line":134,"column":3}},"line":132},"4":{"name":"(anonymous_4)","decl":{"start":{"line":139,"column":2},"end":{"line":139,"column":3}},"loc":{"start":{"line":139,"column":30},"end":{"line":141,"column":3}},"line":139},"5":{"name":"(anonymous_5)","decl":{"start":{"line":146,"column":2},"end":{"line":146,"column":3}},"loc":{"start":{"line":146,"column":43},"end":{"line":157,"column":3}},"line":146},"6":{"name":"(anonymous_6)","decl":{"start":{"line":162,"column":2},"end":{"line":162,"column":3}},"loc":{"start":{"line":162,"column":36},"end":{"line":173,"column":3}},"line":162},"7":{"name":"(anonymous_7)","decl":{"start":{"line":178,"column":2},"end":{"line":178,"column":3}},"loc":{"start":{"line":178,"column":34},"end":{"line":195,"column":3}},"line":178},"8":{"name":"(anonymous_8)","decl":{"start":{"line":186,"column":36},"end":{"line":186,"column":37}},"loc":{"start":{"line":186,"column":45},"end":{"line":189,"column":5}},"line":186}},"branchMap":{"0":{"loc":{"start":{"line":20,"column":25},"end":{"line":24,"column":5}},"type":"binary-expr","locations":[{"start":{"line":20,"column":25},"end":{"line":20,"column":62}},{"start":{"line":20,"column":66},"end":{"line":24,"column":5}}],"line":20},"1":{"loc":{"start":{"line":25,"column":26},"end":{"line":28,"column":5}},"type":"binary-expr","locations":[{"start":{"line":25,"column":26},"end":{"line":25,"column":49}},{"start":{"line":25,"column":53},"end":{"line":28,"column":5}}],"line":25},"2":{"loc":{"start":{"line":41,"column":47},"end":{"line":41,"column":65}},"type":"binary-expr","locations":[{"start":{"line":41,"column":47},"end":{"line":41,"column":59}},{"start":{"line":41,"column":63},"end":{"line":41,"column":65}}],"line":41},"3":{"loc":{"start":{"line":42,"column":22},"end":{"line":42,"column":48}},"type":"binary-expr","locations":[{"start":{"line":42,"column":22},"end":{"line":42,"column":42}},{"start":{"line":42,"column":46},"end":{"line":42,"column":48}}],"line":42},"4":{"loc":{"start":{"line":45,"column":45},"end":{"line":45,"column":61}},"type":"binary-expr","locations":[{"start":{"line":45,"column":45},"end":{"line":45,"column":55}},{"start":{"line":45,"column":59},"end":{"line":45,"column":61}}],"line":45},"5":{"loc":{"start":{"line":46,"column":22},"end":{"line":46,"column":47}},"type":"binary-expr","locations":[{"start":{"line":46,"column":22},"end":{"line":46,"column":41}},{"start":{"line":46,"column":45},"end":{"line":46,"column":47}}],"line":46},"6":{"loc":{"start":{"line":78,"column":18},"end":{"line":78,"column":88}},"type":"binary-expr","locations":[{"start":{"line":78,"column":18},"end":{"line":78,"column":48}},{"start":{"line":78,"column":52},"end":{"line":78,"column":75}},{"start":{"line":78,"column":79},"end":{"line":78,"column":88}}],"line":78},"7":{"loc":{"start":{"line":79,"column":17},"end":{"line":79,"column":78}},"type":"binary-expr","locations":[{"start":{"line":79,"column":17},"end":{"line":79,"column":39}},{"start":{"line":79,"column":43},"end":{"line":79,"column":65}},{"start":{"line":79,"column":69},"end":{"line":79,"column":78}}],"line":79},"8":{"loc":{"start":{"line":85,"column":20},"end":{"line":85,"column":78}},"type":"binary-expr","locations":[{"start":{"line":85,"column":20},"end":{"line":85,"column":44}},{"start":{"line":85,"column":48},"end":{"line":85,"column":70}},{"start":{"line":85,"column":74},"end":{"line":85,"column":78}}],"line":85},"9":{"loc":{"start":{"line":86,"column":15},"end":{"line":86,"column":42}},"type":"binary-expr","locations":[{"start":{"line":86,"column":15},"end":{"line":86,"column":34}},{"start":{"line":86,"column":38},"end":{"line":86,"column":42}}],"line":86},"10":{"loc":{"start":{"line":88,"column":12},"end":{"line":88,"column":55}},"type":"binary-expr","locations":[{"start":{"line":88,"column":12},"end":{"line":88,"column":28}},{"start":{"line":88,"column":32},"end":{"line":88,"column":55}}],"line":88},"11":{"loc":{"start":{"line":89,"column":15},"end":{"line":89,"column":64}},"type":"binary-expr","locations":[{"start":{"line":89,"column":15},"end":{"line":89,"column":34}},{"start":{"line":89,"column":38},"end":{"line":89,"column":64}}],"line":89},"12":{"loc":{"start":{"line":92,"column":12},"end":{"line":92,"column":42}},"type":"binary-expr","locations":[{"start":{"line":92,"column":12},"end":{"line":92,"column":27}},{"start":{"line":92,"column":31},"end":{"line":92,"column":42}}],"line":92},"13":{"loc":{"start":{"line":93,"column":19},"end":{"line":93,"column":61}},"type":"binary-expr","locations":[{"start":{"line":93,"column":19},"end":{"line":93,"column":41}},{"start":{"line":93,"column":45},"end":{"line":93,"column":55}},{"start":{"line":93,"column":59},"end":{"line":93,"column":61}}],"line":93},"14":{"loc":{"start":{"line":96,"column":20},"end":{"line":96,"column":56}},"type":"binary-expr","locations":[{"start":{"line":96,"column":20},"end":{"line":96,"column":50}},{"start":{"line":96,"column":54},"end":{"line":96,"column":56}}],"line":96},"15":{"loc":{"start":{"line":101,"column":30},"end":{"line":101,"column":76}},"type":"binary-expr","locations":[{"start":{"line":101,"column":30},"end":{"line":101,"column":70}},{"start":{"line":101,"column":74},"end":{"line":101,"column":76}}],"line":101},"16":{"loc":{"start":{"line":104,"column":19},"end":{"line":106,"column":37}},"type":"cond-expr","locations":[{"start":{"line":105,"column":10},"end":{"line":105,"column":32}},{"start":{"line":106,"column":10},"end":{"line":106,"column":37}}],"line":104},"17":{"loc":{"start":{"line":108,"column":14},"end":{"line":108,"column":37}},"type":"binary-expr","locations":[{"start":{"line":108,"column":14},"end":{"line":108,"column":31}},{"start":{"line":108,"column":35},"end":{"line":108,"column":37}}],"line":108},"18":{"loc":{"start":{"line":110,"column":24},"end":{"line":112,"column":79}},"type":"cond-expr","locations":[{"start":{"line":111,"column":10},"end":{"line":111,"column":37}},{"start":{"line":112,"column":10},"end":{"line":112,"column":79}}],"line":110},"19":{"loc":{"start":{"line":116,"column":18},"end":{"line":116,"column":73}},"type":"binary-expr","locations":[{"start":{"line":116,"column":18},"end":{"line":116,"column":40}},{"start":{"line":116,"column":44},"end":{"line":116,"column":73}}],"line":116},"20":{"loc":{"start":{"line":156,"column":11},"end":{"line":156,"column":49}},"type":"binary-expr","locations":[{"start":{"line":156,"column":11},"end":{"line":156,"column":25}},{"start":{"line":156,"column":29},"end":{"line":156,"column":49}}],"line":156},"21":{"loc":{"start":{"line":172,"column":11},"end":{"line":172,"column":45}},"type":"binary-expr","locations":[{"start":{"line":172,"column":11},"end":{"line":172,"column":25}},{"start":{"line":172,"column":29},"end":{"line":172,"column":45}}],"line":172},"22":{"loc":{"start":{"line":188,"column":13},"end":{"line":188,"column":66}},"type":"binary-expr","locations":[{"start":{"line":188,"column":13},"end":{"line":188,"column":32}},{"start":{"line":188,"column":36},"end":{"line":188,"column":50}},{"start":{"line":188,"column":54},"end":{"line":188,"column":66}}],"line":188}},"s":{"0":1,"1":1,"2":1,"3":74,"4":74,"5":72,"6":72,"7":72,"8":53,"9":53,"10":53,"11":53,"12":53,"13":53,"14":53,"15":53,"16":52,"17":1,"18":1,"19":54,"20":54,"21":54,"22":56,"23":55,"24":25,"25":25,"26":60,"27":60,"28":4,"29":4,"30":60,"31":60,"32":4,"33":1},"f":{"0":74,"1":53,"2":54,"3":56,"4":55,"5":25,"6":60,"7":4,"8":60},"b":{"0":[72,1],"1":[72,1],"2":[53,1],"3":[53,0],"4":[53,4],"5":[53,0],"6":[54,5,3],"7":[54,3,3],"8":[54,47,46],"9":[53,49],"10":[53,6],"11":[53,49],"12":[53,7],"13":[53,5,4],"14":[53,8],"15":[53,53],"16":[44,9],"17":[53,0],"18":[36,17],"19":[53,50],"20":[25,3],"21":[60,7],"22":[60,46,45]},"_coverageSchema":"1a1c01bbd47fc00a2c39e90264f33305004495a9","hash":"2bf00dbdefe3b0bc5cc62b27850942407f0adc5b"}
}
