TN:
SF:issue-parser.js
FN:16,(anonymous_0)
FN:36,(anonymous_1)
FN:77,(anonymous_2)
FN:132,(anonymous_3)
FN:139,(anonymous_4)
FN:146,(anonymous_5)
FN:162,(anonymous_6)
FN:178,(anonymous_7)
FN:186,(anonymous_8)
FNF:9
FNH:9
FNDA:74,(anonymous_0)
FNDA:53,(anonymous_1)
FNDA:54,(anonymous_2)
FNDA:56,(anonymous_3)
FNDA:55,(anonymous_4)
FNDA:25,(anonymous_5)
FNDA:60,(anonymous_6)
FNDA:4,(anonymous_7)
FNDA:60,(anonymous_8)
DA:8,1
DA:9,1
DA:10,1
DA:17,74
DA:18,74
DA:19,72
DA:20,72
DA:25,72
DA:37,53
DA:38,53
DA:41,53
DA:42,53
DA:45,53
DA:46,53
DA:49,53
DA:50,53
DA:52,52
DA:59,1
DA:65,1
DA:78,54
DA:79,54
DA:81,54
DA:133,56
DA:140,55
DA:147,25
DA:156,25
DA:163,60
DA:172,60
DA:179,4
DA:186,4
DA:187,60
DA:188,60
DA:191,4
DA:198,1
LF:34
LH:34
BRDA:20,0,0,72
BRDA:20,0,1,1
BRDA:25,1,0,72
BRDA:25,1,1,1
BRDA:41,2,0,53
BRDA:41,2,1,1
BRDA:42,3,0,53
BRDA:42,3,1,0
BRDA:45,4,0,53
BRDA:45,4,1,4
BRDA:46,5,0,53
BRDA:46,5,1,0
BRDA:78,6,0,54
BRDA:78,6,1,5
BRDA:78,6,2,3
BRDA:79,7,0,54
BRDA:79,7,1,3
BRDA:79,7,2,3
BRDA:85,8,0,54
BRDA:85,8,1,47
BRDA:85,8,2,46
BRDA:86,9,0,53
BRDA:86,9,1,49
BRDA:88,10,0,53
BRDA:88,10,1,6
BRDA:89,11,0,53
BRDA:89,11,1,49
BRDA:92,12,0,53
BRDA:92,12,1,7
BRDA:93,13,0,53
BRDA:93,13,1,5
BRDA:93,13,2,4
BRDA:96,14,0,53
BRDA:96,14,1,8
BRDA:101,15,0,53
BRDA:101,15,1,53
BRDA:104,16,0,44
BRDA:104,16,1,9
BRDA:108,17,0,53
BRDA:108,17,1,0
BRDA:110,18,0,36
BRDA:110,18,1,17
BRDA:116,19,0,53
BRDA:116,19,1,50
BRDA:156,20,0,25
BRDA:156,20,1,3
BRDA:172,21,0,60
BRDA:172,21,1,7
BRDA:188,22,0,60
BRDA:188,22,1,46
BRDA:188,22,2,45
BRF:51
BRH:48
end_of_record
